Performing C SOURCE FILE Test CMAKE_HAVE_LIBC_PTHREAD failed with the following output:
Change Dir: /home/vaidehi/Downloads/github/GNSS_visual_inertial_based_SLAM/build/CMakeFiles/CMakeTmp

Run Build Command(s):/home/vaidehi/anaconda3/bin/make cmTC_fb53e/fast && /home/vaidehi/anaconda3/bin/make -f CMakeFiles/cmTC_fb53e.dir/build.make CMakeFiles/cmTC_fb53e.dir/build
make[1]: Entering directory '/home/vaidehi/Downloads/github/GNSS_visual_inertial_based_SLAM/build/CMakeFiles/CMakeTmp'
Building C object CMakeFiles/cmTC_fb53e.dir/src.c.o
/usr/local/bin/cc   -DCMAKE_HAVE_LIBC_PTHREAD   -o CMakeFiles/cmTC_fb53e.dir/src.c.o   -c /home/vaidehi/Downloads/github/GNSS_visual_inertial_based_SLAM/build/CMakeFiles/CMakeTmp/src.c
Linking C executable cmTC_fb53e
/usr/bin/cmake -E cmake_link_script CMakeFiles/cmTC_fb53e.dir/link.txt --verbose=1
/usr/local/bin/cc  -DCMAKE_HAVE_LIBC_PTHREAD    -rdynamic CMakeFiles/cmTC_fb53e.dir/src.c.o  -o cmTC_fb53e 
/usr/bin/ld: CMakeFiles/cmTC_fb53e.dir/src.c.o: in function `main':
src.c:(.text+0x46): undefined reference to `pthread_create'
/usr/bin/ld: src.c:(.text+0x52): undefined reference to `pthread_detach'
/usr/bin/ld: src.c:(.text+0x63): undefined reference to `pthread_join'
collect2: error: ld returned 1 exit status
make[1]: *** [CMakeFiles/cmTC_fb53e.dir/build.make:87: cmTC_fb53e] Error 1
make[1]: Leaving directory '/home/vaidehi/Downloads/github/GNSS_visual_inertial_based_SLAM/build/CMakeFiles/CMakeTmp'
make: *** [Makefile:121: cmTC_fb53e/fast] Error 2


Source file was:
#include <pthread.h>

void* test_func(void* data)
{
  return data;
}

int main(void)
{
  pthread_t thread;
  pthread_create(&thread, NULL, test_func, NULL);
  pthread_detach(thread);
  pthread_join(thread, NULL);
  pthread_atfork(NULL, NULL, NULL);
  pthread_exit(NULL);

  return 0;
}

Determining if the function pthread_create exists in the pthreads failed with the following output:
Change Dir: /home/vaidehi/Downloads/github/GNSS_visual_inertial_based_SLAM/build/CMakeFiles/CMakeTmp

Run Build Command(s):/home/vaidehi/anaconda3/bin/make cmTC_81614/fast && /home/vaidehi/anaconda3/bin/make -f CMakeFiles/cmTC_81614.dir/build.make CMakeFiles/cmTC_81614.dir/build
make[1]: Entering directory '/home/vaidehi/Downloads/github/GNSS_visual_inertial_based_SLAM/build/CMakeFiles/CMakeTmp'
Building C object CMakeFiles/cmTC_81614.dir/CheckFunctionExists.c.o
/usr/local/bin/cc   -DCHECK_FUNCTION_EXISTS=pthread_create   -o CMakeFiles/cmTC_81614.dir/CheckFunctionExists.c.o   -c /usr/share/cmake-3.16/Modules/CheckFunctionExists.c
Linking C executable cmTC_81614
/usr/bin/cmake -E cmake_link_script CMakeFiles/cmTC_81614.dir/link.txt --verbose=1
/usr/local/bin/cc  -DCHECK_FUNCTION_EXISTS=pthread_create    -rdynamic CMakeFiles/cmTC_81614.dir/CheckFunctionExists.c.o  -o cmTC_81614  -lpthreads 
/usr/bin/ld: cannot find -lpthreads
collect2: error: ld returned 1 exit status
make[1]: *** [CMakeFiles/cmTC_81614.dir/build.make:87: cmTC_81614] Error 1
make[1]: Leaving directory '/home/vaidehi/Downloads/github/GNSS_visual_inertial_based_SLAM/build/CMakeFiles/CMakeTmp'
make: *** [Makefile:121: cmTC_81614/fast] Error 2



